<?xml version="1.0" encoding="UTF-8"?>
<testng-results ignored="0" total="1" passed="1" failed="0" skipped="0">
  <reporter-output>
  </reporter-output>
  <suite started-at="2024-11-21T22:29:39 IST" name="Default suite" finished-at="2024-11-21T22:29:53 IST" duration-ms="14198">
    <groups>
    </groups>
    <test started-at="2024-11-21T22:29:39 IST" name="Default test" finished-at="2024-11-21T22:29:53 IST" duration-ms="14198">
      <class name="MyTest.TestClass">
        <test-method signature="test1()[pri:0, instance:MyTest.TestClass@70e9c95d]" started-at="2024-11-21T22:29:39 IST" name="test1" finished-at="2024-11-21T22:29:53 IST" duration-ms="14153" status="PASS">
          <reporter-output>
          </reporter-output>
        </test-method> <!-- test1 -->
      </class> <!-- MyTest.TestClass -->
    </test> <!-- Default test -->
  </suite> <!-- Default suite -->
</testng-results>
